<?xml version="1.0" encoding="UTF-8"?>
<testsuite xmlns:xsi="http://www.w3.org/2001/XMLSchema-instance" xsi:noNamespaceSchemaLocation="https://maven.apache.org/surefire/maven-surefire-plugin/xsd/surefire-test-report-3.0.xsd" version="3.0" name="com.example.serial.CommandInterpreterTest" time="0.037" tests="5" errors="0" skipped="0" failures="0">
  <properties>
[...]
</properties>
  <testcase name="testToUartFrameWithProtocolEmptyCommand" classname="com.example.serial.CommandInterpreterTest" time="0.016"/>
  <testcase name="testToUartFrameWithProtocol" classname="com.example.serial.CommandInterpreterTest" time="0.002"/>
  <testcase name="testToUartFrameNullInput" classname="com.example.serial.CommandInterpreterTest" time="0.002"/>
  <testcase name="testToUartFrameSimple" classname="com.example.serial.CommandInterpreterTest" time="0.002"/>
  <testcase name="testToUartFrameWithExtraWhitespace" classname="com.example.serial.CommandInterpreterTest" time="0.002"/>
</testsuite>